2021/09/28 15:38:43 [notice] 1#1: using the "epoll" event method
2021/09/28 15:38:43 [notice] 1#1: nginx/1.21.3
2021/09/28 15:38:43 [notice] 1#1: built by gcc 8.3.0 (Debian 8.3.0-6) 
2021/09/28 15:38:43 [notice] 1#1: OS: Linux 5.11.0-36-generic
2021/09/28 15:38:43 [notice] 1#1: getrlimit(RLIMIT_NOFILE): 1048576:1048576
2021/09/28 15:38:43 [notice] 1#1: start worker processes
2021/09/28 15:38:43 [notice] 1#1: start worker process 30
2021/09/28 15:38:43 [notice] 1#1: start worker process 31
2021/09/28 15:38:43 [notice] 1#1: start worker process 32
2021/09/28 15:38:43 [notice] 1#1: start worker process 33
2021/09/28 15:38:43 [notice] 1#1: start worker process 34
2021/09/28 15:38:43 [notice] 1#1: start worker process 35
2021/09/28 15:38:43 [notice] 1#1: start worker process 36
2021/09/28 15:38:43 [notice] 1#1: start worker process 37
2021/09/28 15:40:00 [notice] 1#1: signal 3 (SIGQUIT) received, shutting down
2021/09/28 15:40:00 [notice] 30#30: gracefully shutting down
2021/09/28 15:40:00 [notice] 32#32: gracefully shutting down
2021/09/28 15:40:00 [notice] 31#31: gracefully shutting down
2021/09/28 15:40:00 [notice] 34#34: gracefully shutting down
2021/09/28 15:40:00 [notice] 30#30: exiting
2021/09/28 15:40:00 [notice] 35#35: gracefully shutting down
2021/09/28 15:40:00 [notice] 36#36: gracefully shutting down
2021/09/28 15:40:00 [notice] 31#31: exiting
2021/09/28 15:40:00 [notice] 34#34: exiting
2021/09/28 15:40:00 [notice] 33#33: gracefully shutting down
2021/09/28 15:40:00 [notice] 35#35: exiting
2021/09/28 15:40:00 [notice] 36#36: exiting
2021/09/28 15:40:00 [notice] 30#30: exit
2021/09/28 15:40:00 [notice] 31#31: exit
2021/09/28 15:40:00 [notice] 34#34: exit
2021/09/28 15:40:00 [notice] 33#33: exiting
2021/09/28 15:40:00 [notice] 32#32: exiting
2021/09/28 15:40:00 [notice] 36#36: exit
2021/09/28 15:40:00 [notice] 35#35: exit
2021/09/28 15:40:00 [notice] 32#32: exit
2021/09/28 15:40:00 [notice] 33#33: exit
2021/09/28 15:40:00 [notice] 37#37: gracefully shutting down
2021/09/28 15:40:00 [notice] 37#37: exiting
2021/09/28 15:40:00 [notice] 37#37: exit
2021/09/28 15:40:00 [notice] 1#1: signal 17 (SIGCHLD) received from 35
2021/09/28 15:40:00 [notice] 1#1: worker process 31 exited with code 0
2021/09/28 15:40:00 [notice] 1#1: worker process 35 exited with code 0
2021/09/28 15:40:00 [notice] 1#1: signal 29 (SIGIO) received
2021/09/28 15:40:00 [notice] 1#1: signal 17 (SIGCHLD) received from 33
2021/09/28 15:40:00 [notice] 1#1: worker process 33 exited with code 0
2021/09/28 15:40:00 [notice] 1#1: signal 29 (SIGIO) received
2021/09/28 15:40:00 [notice] 1#1: signal 17 (SIGCHLD) received from 30
2021/09/28 15:40:00 [notice] 1#1: worker process 30 exited with code 0
2021/09/28 15:40:00 [notice] 1#1: worker process 32 exited with code 0
2021/09/28 15:40:00 [notice] 1#1: signal 29 (SIGIO) received
2021/09/28 15:40:00 [notice] 1#1: signal 17 (SIGCHLD) received from 32
2021/09/28 15:40:00 [notice] 1#1: signal 17 (SIGCHLD) received from 37
2021/09/28 15:40:00 [notice] 1#1: worker process 34 exited with code 0
2021/09/28 15:40:00 [notice] 1#1: worker process 36 exited with code 0
2021/09/28 15:40:00 [notice] 1#1: worker process 37 exited with code 0
2021/09/28 15:40:00 [notice] 1#1: exit
2021/09/28 15:41:09 [notice] 1#1: using the "epoll" event method
2021/09/28 15:41:09 [notice] 1#1: nginx/1.21.3
2021/09/28 15:41:09 [notice] 1#1: built by gcc 8.3.0 (Debian 8.3.0-6) 
2021/09/28 15:41:09 [notice] 1#1: OS: Linux 5.11.0-36-generic
2021/09/28 15:41:09 [notice] 1#1: getrlimit(RLIMIT_NOFILE): 1048576:1048576
2021/09/28 15:41:09 [notice] 1#1: start worker processes
2021/09/28 15:41:09 [notice] 1#1: start worker process 30
2021/09/28 15:41:09 [notice] 1#1: start worker process 31
2021/09/28 15:41:09 [notice] 1#1: start worker process 32
2021/09/28 15:41:09 [notice] 1#1: start worker process 33
2021/09/28 15:41:09 [notice] 1#1: start worker process 34
2021/09/28 15:41:09 [notice] 1#1: start worker process 35
2021/09/28 15:41:09 [notice] 1#1: start worker process 36
2021/09/28 15:41:09 [notice] 1#1: start worker process 37
2021/09/28 15:42:04 [notice] 1#1: signal 3 (SIGQUIT) received, shutting down
2021/09/28 15:42:04 [notice] 30#30: gracefully shutting down
2021/09/28 15:42:04 [notice] 31#31: gracefully shutting down
2021/09/28 15:42:04 [notice] 32#32: gracefully shutting down
2021/09/28 15:42:04 [notice] 33#33: gracefully shutting down
2021/09/28 15:42:04 [notice] 31#31: exiting
2021/09/28 15:42:04 [notice] 34#34: gracefully shutting down
2021/09/28 15:42:04 [notice] 32#32: exiting
2021/09/28 15:42:04 [notice] 33#33: exiting
2021/09/28 15:42:04 [notice] 37#37: gracefully shutting down
2021/09/28 15:42:04 [notice] 34#34: exiting
2021/09/28 15:42:04 [notice] 37#37: exiting
2021/09/28 15:42:04 [notice] 31#31: exit
2021/09/28 15:42:04 [notice] 32#32: exit
2021/09/28 15:42:04 [notice] 33#33: exit
2021/09/28 15:42:04 [notice] 34#34: exit
2021/09/28 15:42:04 [notice] 37#37: exit
2021/09/28 15:42:04 [notice] 36#36: gracefully shutting down
2021/09/28 15:42:04 [notice] 36#36: exiting
2021/09/28 15:42:04 [notice] 36#36: exit
2021/09/28 15:42:04 [notice] 35#35: gracefully shutting down
2021/09/28 15:42:04 [notice] 35#35: exiting
2021/09/28 15:42:04 [notice] 35#35: exit
2021/09/28 15:42:04 [notice] 1#1: signal 17 (SIGCHLD) received from 31
2021/09/28 15:42:04 [notice] 1#1: worker process 31 exited with code 0
2021/09/28 15:42:04 [notice] 1#1: worker process 33 exited with code 0
2021/09/28 15:42:04 [notice] 1#1: signal 29 (SIGIO) received
2021/09/28 15:42:04 [notice] 1#1: signal 17 (SIGCHLD) received from 32
2021/09/28 15:42:04 [notice] 1#1: worker process 32 exited with code 0
2021/09/28 15:42:04 [notice] 1#1: signal 29 (SIGIO) received
2021/09/28 15:42:04 [notice] 1#1: signal 17 (SIGCHLD) received from 35
2021/09/28 15:42:04 [notice] 1#1: worker process 35 exited with code 0
2021/09/28 15:42:04 [notice] 1#1: signal 29 (SIGIO) received
2021/09/28 15:42:04 [notice] 1#1: signal 17 (SIGCHLD) received from 37
2021/09/28 15:42:04 [notice] 1#1: worker process 36 exited with code 0
2021/09/28 15:42:04 [notice] 1#1: worker process 37 exited with code 0
2021/09/28 15:42:04 [notice] 1#1: signal 29 (SIGIO) received
2021/09/28 15:42:04 [notice] 1#1: signal 17 (SIGCHLD) received from 34
2021/09/28 15:42:04 [notice] 1#1: worker process 34 exited with code 0
2021/09/28 15:42:04 [notice] 1#1: signal 29 (SIGIO) received
2021/09/28 15:42:07 [notice] 30#30: exiting
2021/09/28 15:42:07 [notice] 30#30: exit
2021/09/28 15:42:07 [notice] 1#1: signal 17 (SIGCHLD) received from 30
2021/09/28 15:42:07 [notice] 1#1: worker process 30 exited with code 0
2021/09/28 15:42:07 [notice] 1#1: exit
2021/09/28 15:43:32 [emerg] 1#1: host not found in upstream "lumen" in /etc/nginx/conf.d/default.conf:119
2021/09/29 12:22:04 [notice] 1#1: using the "epoll" event method
2021/09/29 12:22:04 [notice] 1#1: nginx/1.21.3
2021/09/29 12:22:04 [notice] 1#1: built by gcc 8.3.0 (Debian 8.3.0-6) 
2021/09/29 12:22:04 [notice] 1#1: OS: Linux 5.11.0-36-generic
2021/09/29 12:22:04 [notice] 1#1: getrlimit(RLIMIT_NOFILE): 1048576:1048576
2021/09/29 12:22:04 [notice] 1#1: start worker processes
2021/09/29 12:22:04 [notice] 1#1: start worker process 30
2021/09/29 12:22:04 [notice] 1#1: start worker process 31
2021/09/29 12:22:04 [notice] 1#1: start worker process 32
2021/09/29 12:22:04 [notice] 1#1: start worker process 33
2021/09/29 12:22:04 [notice] 1#1: start worker process 34
2021/09/29 12:22:04 [notice] 1#1: start worker process 35
2021/09/29 12:22:04 [notice] 1#1: start worker process 36
2021/09/29 12:22:04 [notice] 1#1: start worker process 37
2021/09/29 12:25:56 [notice] 1#1: signal 3 (SIGQUIT) received, shutting down
2021/09/29 12:25:56 [notice] 30#30: gracefully shutting down
2021/09/29 12:25:56 [notice] 32#32: gracefully shutting down
2021/09/29 12:25:56 [notice] 30#30: exiting
2021/09/29 12:25:56 [notice] 32#32: exiting
2021/09/29 12:25:56 [notice] 30#30: exit
2021/09/29 12:25:56 [notice] 32#32: exit
2021/09/29 12:25:56 [notice] 37#37: gracefully shutting down
2021/09/29 12:25:56 [notice] 37#37: exiting
2021/09/29 12:25:56 [notice] 37#37: exit
2021/09/29 12:25:56 [notice] 31#31: gracefully shutting down
2021/09/29 12:25:56 [notice] 31#31: exiting
2021/09/29 12:25:56 [notice] 31#31: exit
2021/09/29 12:25:56 [notice] 34#34: gracefully shutting down
2021/09/29 12:25:56 [notice] 34#34: exiting
2021/09/29 12:25:56 [notice] 34#34: exit
2021/09/29 12:25:57 [notice] 35#35: gracefully shutting down
2021/09/29 12:25:57 [notice] 35#35: exiting
2021/09/29 12:25:57 [notice] 35#35: exit
2021/09/29 12:25:57 [notice] 33#33: gracefully shutting down
2021/09/29 12:25:57 [notice] 33#33: exiting
2021/09/29 12:25:57 [notice] 33#33: exit
2021/09/29 12:25:57 [notice] 36#36: gracefully shutting down
2021/09/29 12:25:57 [notice] 36#36: exiting
2021/09/29 12:25:57 [notice] 36#36: exit
2021/09/29 12:25:57 [notice] 1#1: signal 17 (SIGCHLD) received from 33
2021/09/29 12:25:57 [notice] 1#1: worker process 33 exited with code 0
2021/09/29 12:25:57 [notice] 1#1: signal 29 (SIGIO) received
2021/09/29 12:25:57 [notice] 1#1: signal 17 (SIGCHLD) received from 32
2021/09/29 12:25:57 [notice] 1#1: worker process 32 exited with code 0
2021/09/29 12:25:57 [notice] 1#1: signal 29 (SIGIO) received
2021/09/29 12:25:57 [notice] 1#1: signal 17 (SIGCHLD) received from 37
2021/09/29 12:25:57 [notice] 1#1: worker process 37 exited with code 0
2021/09/29 12:25:57 [notice] 1#1: signal 29 (SIGIO) received
2021/09/29 12:25:57 [notice] 1#1: signal 17 (SIGCHLD) received from 34
2021/09/29 12:25:57 [notice] 1#1: worker process 30 exited with code 0
2021/09/29 12:25:57 [notice] 1#1: worker process 34 exited with code 0
2021/09/29 12:25:57 [notice] 1#1: worker process 35 exited with code 0
2021/09/29 12:25:57 [notice] 1#1: worker process 31 exited with code 0
2021/09/29 12:25:57 [notice] 1#1: worker process 36 exited with code 0
2021/09/29 12:25:57 [notice] 1#1: exit
2021/09/29 12:39:05 [notice] 1#1: using the "epoll" event method
2021/09/29 12:39:05 [notice] 1#1: nginx/1.21.3
2021/09/29 12:39:05 [notice] 1#1: built by gcc 8.3.0 (Debian 8.3.0-6) 
2021/09/29 12:39:05 [notice] 1#1: OS: Linux 5.11.0-36-generic
2021/09/29 12:39:05 [notice] 1#1: getrlimit(RLIMIT_NOFILE): 1048576:1048576
2021/09/29 12:39:05 [notice] 1#1: start worker processes
2021/09/29 12:39:05 [notice] 1#1: start worker process 30
2021/09/29 12:39:05 [notice] 1#1: start worker process 31
2021/09/29 12:39:05 [notice] 1#1: start worker process 32
2021/09/29 12:39:05 [notice] 1#1: start worker process 33
2021/09/29 12:39:05 [notice] 1#1: start worker process 34
2021/09/29 12:39:05 [notice] 1#1: start worker process 35
2021/09/29 12:39:05 [notice] 1#1: start worker process 36
2021/09/29 12:39:05 [notice] 1#1: start worker process 37
2021/09/29 12:52:43 [notice] 1#1: signal 3 (SIGQUIT) received, shutting down
2021/09/29 12:52:43 [notice] 30#30: gracefully shutting down
2021/09/29 12:52:43 [notice] 31#31: gracefully shutting down
2021/09/29 12:52:43 [notice] 32#32: gracefully shutting down
2021/09/29 12:52:43 [notice] 30#30: exiting
2021/09/29 12:52:43 [notice] 36#36: gracefully shutting down
2021/09/29 12:52:43 [notice] 31#31: exiting
2021/09/29 12:52:43 [notice] 32#32: exiting
2021/09/29 12:52:43 [notice] 36#36: exiting
2021/09/29 12:52:43 [notice] 32#32: exit
2021/09/29 12:52:43 [notice] 31#31: exit
2021/09/29 12:52:43 [notice] 30#30: exit
2021/09/29 12:52:43 [notice] 36#36: exit
2021/09/29 12:52:43 [notice] 33#33: gracefully shutting down
2021/09/29 12:52:43 [notice] 33#33: exiting
2021/09/29 12:52:43 [notice] 33#33: exit
2021/09/29 12:52:43 [notice] 34#34: gracefully shutting down
2021/09/29 12:52:43 [notice] 34#34: exiting
2021/09/29 12:52:43 [notice] 34#34: exit
2021/09/29 12:52:43 [notice] 35#35: gracefully shutting down
2021/09/29 12:52:43 [notice] 35#35: exiting
2021/09/29 12:52:43 [notice] 35#35: exit
2021/09/29 12:52:43 [notice] 37#37: gracefully shutting down
2021/09/29 12:52:43 [notice] 37#37: exiting
2021/09/29 12:52:43 [notice] 37#37: exit
2021/09/29 12:52:44 [notice] 1#1: signal 17 (SIGCHLD) received from 37
2021/09/29 12:52:44 [notice] 1#1: worker process 37 exited with code 0
2021/09/29 12:52:44 [notice] 1#1: signal 29 (SIGIO) received
2021/09/29 12:52:44 [notice] 1#1: signal 17 (SIGCHLD) received from 34
2021/09/29 12:52:44 [notice] 1#1: worker process 34 exited with code 0
2021/09/29 12:52:44 [notice] 1#1: signal 29 (SIGIO) received
2021/09/29 12:52:44 [notice] 1#1: signal 17 (SIGCHLD) received from 31
2021/09/29 12:52:44 [notice] 1#1: worker process 31 exited with code 0
2021/09/29 12:52:44 [notice] 1#1: signal 29 (SIGIO) received
2021/09/29 12:52:44 [notice] 1#1: signal 17 (SIGCHLD) received from 33
2021/09/29 12:52:44 [notice] 1#1: worker process 33 exited with code 0
2021/09/29 12:52:44 [notice] 1#1: signal 29 (SIGIO) received
2021/09/29 12:52:44 [notice] 1#1: signal 17 (SIGCHLD) received from 35
2021/09/29 12:52:44 [notice] 1#1: worker process 35 exited with code 0
2021/09/29 12:52:44 [notice] 1#1: signal 29 (SIGIO) received
2021/09/29 12:52:44 [notice] 1#1: signal 17 (SIGCHLD) received from 30
2021/09/29 12:52:44 [notice] 1#1: worker process 30 exited with code 0
2021/09/29 12:52:44 [notice] 1#1: worker process 36 exited with code 0
2021/09/29 12:52:44 [notice] 1#1: signal 29 (SIGIO) received
2021/09/29 12:52:44 [notice] 1#1: signal 17 (SIGCHLD) received from 32
2021/09/29 12:52:44 [notice] 1#1: worker process 32 exited with code 0
2021/09/29 12:52:44 [notice] 1#1: exit
2021/09/29 12:55:01 [emerg] 1#1: host not found in upstream "lumen" in /etc/nginx/conf.d/default.conf:120
2021/09/29 12:56:58 [notice] 1#1: using the "epoll" event method
2021/09/29 12:56:58 [notice] 1#1: nginx/1.21.3
2021/09/29 12:56:58 [notice] 1#1: built by gcc 8.3.0 (Debian 8.3.0-6) 
2021/09/29 12:56:58 [notice] 1#1: OS: Linux 5.11.0-36-generic
2021/09/29 12:56:58 [notice] 1#1: getrlimit(RLIMIT_NOFILE): 1048576:1048576
2021/09/29 12:56:58 [notice] 1#1: start worker processes
2021/09/29 12:56:58 [notice] 1#1: start worker process 31
2021/09/29 12:56:58 [notice] 1#1: start worker process 32
2021/09/29 12:56:58 [notice] 1#1: start worker process 33
2021/09/29 12:56:58 [notice] 1#1: start worker process 34
2021/09/29 12:56:58 [notice] 1#1: start worker process 35
2021/09/29 12:56:58 [notice] 1#1: start worker process 36
2021/09/29 12:56:58 [notice] 1#1: start worker process 37
2021/09/29 12:56:58 [notice] 1#1: start worker process 38
2021/09/29 12:59:49 [notice] 1#1: signal 3 (SIGQUIT) received, shutting down
2021/09/29 12:59:49 [notice] 31#31: gracefully shutting down
2021/09/29 12:59:49 [notice] 32#32: gracefully shutting down
2021/09/29 12:59:49 [notice] 34#34: gracefully shutting down
2021/09/29 12:59:49 [notice] 33#33: gracefully shutting down
2021/09/29 12:59:49 [notice] 31#31: exiting
2021/09/29 12:59:49 [notice] 35#35: gracefully shutting down
2021/09/29 12:59:49 [notice] 36#36: gracefully shutting down
2021/09/29 12:59:49 [notice] 37#37: gracefully shutting down
2021/09/29 12:59:49 [notice] 38#38: gracefully shutting down
2021/09/29 12:59:49 [notice] 32#32: exiting
2021/09/29 12:59:49 [notice] 34#34: exiting
2021/09/29 12:59:49 [notice] 33#33: exiting
2021/09/29 12:59:49 [notice] 35#35: exiting
2021/09/29 12:59:49 [notice] 36#36: exiting
2021/09/29 12:59:49 [notice] 37#37: exiting
2021/09/29 12:59:49 [notice] 31#31: exit
2021/09/29 12:59:49 [notice] 38#38: exiting
2021/09/29 12:59:49 [notice] 34#34: exit
2021/09/29 12:59:49 [notice] 32#32: exit
2021/09/29 12:59:49 [notice] 36#36: exit
2021/09/29 12:59:49 [notice] 33#33: exit
2021/09/29 12:59:49 [notice] 35#35: exit
2021/09/29 12:59:49 [notice] 37#37: exit
2021/09/29 12:59:49 [notice] 38#38: exit
2021/09/29 12:59:49 [notice] 1#1: signal 17 (SIGCHLD) received from 31
2021/09/29 12:59:49 [notice] 1#1: worker process 31 exited with code 0
2021/09/29 12:59:49 [notice] 1#1: signal 29 (SIGIO) received
2021/09/29 12:59:49 [notice] 1#1: signal 17 (SIGCHLD) received from 32
2021/09/29 12:59:49 [notice] 1#1: worker process 32 exited with code 0
2021/09/29 12:59:49 [notice] 1#1: worker process 36 exited with code 0
2021/09/29 12:59:49 [notice] 1#1: signal 29 (SIGIO) received
2021/09/29 12:59:49 [notice] 1#1: signal 17 (SIGCHLD) received from 36
2021/09/29 12:59:49 [notice] 1#1: signal 17 (SIGCHLD) received from 37
2021/09/29 12:59:49 [notice] 1#1: worker process 37 exited with code 0
2021/09/29 12:59:49 [notice] 1#1: signal 29 (SIGIO) received
2021/09/29 12:59:49 [notice] 1#1: signal 17 (SIGCHLD) received from 38
2021/09/29 12:59:49 [notice] 1#1: worker process 38 exited with code 0
2021/09/29 12:59:49 [notice] 1#1: signal 29 (SIGIO) received
2021/09/29 12:59:49 [notice] 1#1: signal 17 (SIGCHLD) received from 35
2021/09/29 12:59:49 [notice] 1#1: worker process 33 exited with code 0
2021/09/29 12:59:49 [notice] 1#1: worker process 35 exited with code 0
2021/09/29 12:59:49 [notice] 1#1: signal 29 (SIGIO) received
2021/09/29 12:59:49 [notice] 1#1: signal 17 (SIGCHLD) received from 34
2021/09/29 12:59:49 [notice] 1#1: worker process 34 exited with code 0
2021/09/29 12:59:49 [notice] 1#1: exit
2021/09/29 13:00:57 [notice] 1#1: using the "epoll" event method
2021/09/29 13:00:57 [notice] 1#1: nginx/1.21.3
2021/09/29 13:00:57 [notice] 1#1: built by gcc 8.3.0 (Debian 8.3.0-6) 
2021/09/29 13:00:57 [notice] 1#1: OS: Linux 5.11.0-36-generic
2021/09/29 13:00:57 [notice] 1#1: getrlimit(RLIMIT_NOFILE): 1048576:1048576
2021/09/29 13:00:57 [notice] 1#1: start worker processes
2021/09/29 13:00:57 [notice] 1#1: start worker process 31
2021/09/29 13:00:57 [notice] 1#1: start worker process 32
2021/09/29 13:00:57 [notice] 1#1: start worker process 33
2021/09/29 13:00:57 [notice] 1#1: start worker process 34
2021/09/29 13:00:57 [notice] 1#1: start worker process 35
2021/09/29 13:00:57 [notice] 1#1: start worker process 36
2021/09/29 13:00:57 [notice] 1#1: start worker process 37
2021/09/29 13:00:57 [notice] 1#1: start worker process 38
2021/09/29 13:05:07 [notice] 1#1: signal 3 (SIGQUIT) received, shutting down
2021/09/29 13:05:07 [notice] 34#34: gracefully shutting down
2021/09/29 13:05:07 [notice] 33#33: gracefully shutting down
2021/09/29 13:05:07 [notice] 34#34: exiting
2021/09/29 13:05:07 [notice] 33#33: exiting
2021/09/29 13:05:07 [notice] 33#33: exit
2021/09/29 13:05:07 [notice] 34#34: exit
2021/09/29 13:05:07 [notice] 37#37: gracefully shutting down
2021/09/29 13:05:07 [notice] 37#37: exiting
2021/09/29 13:05:07 [notice] 37#37: exit
2021/09/29 13:05:07 [notice] 35#35: gracefully shutting down
2021/09/29 13:05:07 [notice] 35#35: exiting
2021/09/29 13:05:07 [notice] 35#35: exit
2021/09/29 13:05:07 [notice] 31#31: gracefully shutting down
2021/09/29 13:05:07 [notice] 31#31: exiting
2021/09/29 13:05:07 [notice] 31#31: exit
2021/09/29 13:05:07 [notice] 32#32: gracefully shutting down
2021/09/29 13:05:07 [notice] 32#32: exiting
2021/09/29 13:05:07 [notice] 32#32: exit
2021/09/29 13:05:07 [notice] 36#36: gracefully shutting down
2021/09/29 13:05:07 [notice] 36#36: exiting
2021/09/29 13:05:07 [notice] 36#36: exit
2021/09/29 13:05:07 [notice] 38#38: gracefully shutting down
2021/09/29 13:05:07 [notice] 38#38: exiting
2021/09/29 13:05:07 [notice] 38#38: exit
2021/09/29 13:05:07 [notice] 1#1: signal 17 (SIGCHLD) received from 34
2021/09/29 13:05:07 [notice] 1#1: worker process 34 exited with code 0
2021/09/29 13:05:07 [notice] 1#1: signal 29 (SIGIO) received
2021/09/29 13:05:07 [notice] 1#1: signal 17 (SIGCHLD) received from 35
2021/09/29 13:05:07 [notice] 1#1: worker process 35 exited with code 0
2021/09/29 13:05:07 [notice] 1#1: signal 29 (SIGIO) received
2021/09/29 13:05:07 [notice] 1#1: signal 17 (SIGCHLD) received from 33
2021/09/29 13:05:07 [notice] 1#1: worker process 33 exited with code 0
2021/09/29 13:05:07 [notice] 1#1: signal 29 (SIGIO) received
2021/09/29 13:05:07 [notice] 1#1: signal 17 (SIGCHLD) received from 37
2021/09/29 13:05:07 [notice] 1#1: worker process 37 exited with code 0
2021/09/29 13:05:07 [notice] 1#1: signal 29 (SIGIO) received
2021/09/29 13:05:07 [notice] 1#1: signal 17 (SIGCHLD) received from 36
2021/09/29 13:05:07 [notice] 1#1: worker process 32 exited with code 0
2021/09/29 13:05:07 [notice] 1#1: worker process 36 exited with code 0
2021/09/29 13:05:07 [notice] 1#1: signal 29 (SIGIO) received
2021/09/29 13:05:07 [notice] 1#1: signal 17 (SIGCHLD) received from 31
2021/09/29 13:05:07 [notice] 1#1: worker process 31 exited with code 0
2021/09/29 13:05:07 [notice] 1#1: signal 29 (SIGIO) received
2021/09/29 13:05:07 [notice] 1#1: signal 17 (SIGCHLD) received from 38
2021/09/29 13:05:07 [notice] 1#1: worker process 38 exited with code 0
2021/09/29 13:05:07 [notice] 1#1: exit
2021/09/29 13:05:17 [emerg] 1#1: duplicate location "/" in /etc/nginx/conf.d/default.conf:207
2021/09/29 13:05:56 [emerg] 1#1: duplicate location "/" in /etc/nginx/conf.d/default.conf:207
2021/09/29 13:09:16 [notice] 1#1: using the "epoll" event method
2021/09/29 13:09:16 [notice] 1#1: nginx/1.21.3
2021/09/29 13:09:16 [notice] 1#1: built by gcc 8.3.0 (Debian 8.3.0-6) 
2021/09/29 13:09:16 [notice] 1#1: OS: Linux 5.11.0-36-generic
2021/09/29 13:09:16 [notice] 1#1: getrlimit(RLIMIT_NOFILE): 1048576:1048576
2021/09/29 13:09:16 [notice] 1#1: start worker processes
2021/09/29 13:09:16 [notice] 1#1: start worker process 30
2021/09/29 13:09:16 [notice] 1#1: start worker process 31
2021/09/29 13:09:16 [notice] 1#1: start worker process 32
2021/09/29 13:09:16 [notice] 1#1: start worker process 33
2021/09/29 13:09:16 [notice] 1#1: start worker process 34
2021/09/29 13:09:16 [notice] 1#1: start worker process 35
2021/09/29 13:09:16 [notice] 1#1: start worker process 36
2021/09/29 13:09:16 [notice] 1#1: start worker process 37
2021/09/29 13:10:24 [warn] 31#31: 1024 worker_connections are not enough, reusing connections
2021/09/29 13:10:24 [alert] 31#31: *2016 1024 worker_connections are not enough while connecting to upstream, client: 127.0.0.1, server: lumen.docker.test, request: "GET / HTTP/1.0", upstream: "http://127.0.0.1:8081/", host: "127.0.0.1:8081"
2021/09/29 13:10:24 [alert] 31#31: *3982 1024 worker_connections are not enough while connecting to upstream, client: 127.0.0.1, server: lumen.docker.test, request: "GET /favicon.ico HTTP/1.0", upstream: "http://127.0.0.1:8081/favicon.ico", host: "127.0.0.1:8081", referrer: "http://laravel.docker.test:8081/"
2021/09/29 13:10:47 [warn] 31#31: 1024 worker_connections are not enough, reusing connections
2021/09/29 13:10:47 [warn] 32#32: 1024 worker_connections are not enough, reusing connections
2021/09/29 13:10:47 [alert] 31#31: *6023 1024 worker_connections are not enough while connecting to upstream, client: 127.0.0.1, server: lumen.docker.test, request: "GET / HTTP/1.0", upstream: "http://127.0.0.1:8081/", host: "127.0.0.1:8081"
2021/09/29 13:11:13 [notice] 1#1: signal 3 (SIGQUIT) received, shutting down
2021/09/29 13:11:13 [notice] 31#31: gracefully shutting down
2021/09/29 13:11:13 [notice] 34#34: gracefully shutting down
2021/09/29 13:11:13 [notice] 34#34: exiting
2021/09/29 13:11:13 [notice] 30#30: gracefully shutting down
2021/09/29 13:11:13 [notice] 30#30: exiting
2021/09/29 13:11:13 [notice] 34#34: exit
2021/09/29 13:11:13 [notice] 30#30: exit
2021/09/29 13:11:13 [notice] 33#33: gracefully shutting down
2021/09/29 13:11:13 [notice] 33#33: exiting
2021/09/29 13:11:13 [notice] 33#33: exit
2021/09/29 13:11:13 [notice] 35#35: gracefully shutting down
2021/09/29 13:11:13 [notice] 35#35: exiting
2021/09/29 13:11:13 [notice] 35#35: exit
2021/09/29 13:11:13 [notice] 36#36: gracefully shutting down
2021/09/29 13:11:13 [notice] 36#36: exiting
2021/09/29 13:11:13 [notice] 36#36: exit
2021/09/29 13:11:13 [notice] 37#37: gracefully shutting down
2021/09/29 13:11:13 [notice] 37#37: exiting
2021/09/29 13:11:13 [notice] 37#37: exit
2021/09/29 13:11:13 [notice] 32#32: gracefully shutting down
2021/09/29 13:11:13 [notice] 32#32: exiting
2021/09/29 13:11:13 [notice] 32#32: exit
2021/09/29 13:11:13 [notice] 1#1: signal 17 (SIGCHLD) received from 35
2021/09/29 13:11:13 [notice] 1#1: worker process 35 exited with code 0
2021/09/29 13:11:13 [notice] 1#1: worker process 30 exited with code 0
2021/09/29 13:11:13 [notice] 1#1: worker process 34 exited with code 0
2021/09/29 13:11:13 [notice] 1#1: worker process 36 exited with code 0
2021/09/29 13:11:13 [notice] 1#1: worker process 37 exited with code 0
2021/09/29 13:11:13 [notice] 1#1: signal 29 (SIGIO) received
2021/09/29 13:11:13 [notice] 1#1: signal 17 (SIGCHLD) received from 30
2021/09/29 13:11:13 [notice] 1#1: worker process 33 exited with code 0
2021/09/29 13:11:13 [notice] 1#1: signal 29 (SIGIO) received
2021/09/29 13:11:13 [notice] 1#1: signal 17 (SIGCHLD) received from 32
2021/09/29 13:11:13 [notice] 1#1: worker process 32 exited with code 0
2021/09/29 13:11:13 [notice] 1#1: signal 29 (SIGIO) received
2021/09/29 13:11:13 [notice] 31#31: exiting
2021/09/29 13:11:13 [notice] 31#31: exit
2021/09/29 13:11:13 [notice] 1#1: signal 17 (SIGCHLD) received from 31
2021/09/29 13:11:13 [notice] 1#1: worker process 31 exited with code 0
2021/09/29 13:11:13 [notice] 1#1: exit
2021/09/29 13:13:20 [notice] 1#1: using the "epoll" event method
2021/09/29 13:13:20 [notice] 1#1: nginx/1.21.3
2021/09/29 13:13:20 [notice] 1#1: built by gcc 8.3.0 (Debian 8.3.0-6) 
2021/09/29 13:13:20 [notice] 1#1: OS: Linux 5.11.0-36-generic
2021/09/29 13:13:20 [notice] 1#1: getrlimit(RLIMIT_NOFILE): 1048576:1048576
2021/09/29 13:13:20 [notice] 1#1: start worker processes
2021/09/29 13:13:20 [notice] 1#1: start worker process 31
2021/09/29 13:13:20 [notice] 1#1: start worker process 32
2021/09/29 13:13:20 [notice] 1#1: start worker process 33
2021/09/29 13:13:20 [notice] 1#1: start worker process 34
2021/09/29 13:13:20 [notice] 1#1: start worker process 35
2021/09/29 13:13:20 [notice] 1#1: start worker process 36
2021/09/29 13:13:20 [notice] 1#1: start worker process 37
2021/09/29 13:13:20 [notice] 1#1: start worker process 38
2021/09/29 13:20:36 [notice] 1#1: signal 3 (SIGQUIT) received, shutting down
2021/09/29 13:20:36 [notice] 32#32: gracefully shutting down
2021/09/29 13:20:36 [notice] 31#31: gracefully shutting down
2021/09/29 13:20:36 [notice] 34#34: gracefully shutting down
2021/09/29 13:20:36 [notice] 33#33: gracefully shutting down
2021/09/29 13:20:36 [notice] 32#32: exiting
2021/09/29 13:20:36 [notice] 38#38: gracefully shutting down
2021/09/29 13:20:36 [notice] 31#31: exiting
2021/09/29 13:20:36 [notice] 34#34: exiting
2021/09/29 13:20:36 [notice] 33#33: exiting
2021/09/29 13:20:36 [notice] 38#38: exiting
2021/09/29 13:20:36 [notice] 32#32: exit
2021/09/29 13:20:36 [notice] 31#31: exit
2021/09/29 13:20:36 [notice] 34#34: exit
2021/09/29 13:20:36 [notice] 33#33: exit
2021/09/29 13:20:36 [notice] 38#38: exit
2021/09/29 13:20:36 [notice] 36#36: gracefully shutting down
2021/09/29 13:20:36 [notice] 36#36: exiting
2021/09/29 13:20:36 [notice] 37#37: gracefully shutting down
2021/09/29 13:20:36 [notice] 36#36: exit
2021/09/29 13:20:36 [notice] 37#37: exiting
2021/09/29 13:20:36 [notice] 37#37: exit
2021/09/29 13:20:36 [notice] 35#35: gracefully shutting down
2021/09/29 13:20:36 [notice] 35#35: exiting
2021/09/29 13:20:36 [notice] 35#35: exit
2021/09/29 13:20:37 [notice] 1#1: signal 17 (SIGCHLD) received from 35
2021/09/29 13:20:37 [notice] 1#1: worker process 31 exited with code 0
2021/09/29 13:20:37 [notice] 1#1: worker process 34 exited with code 0
2021/09/29 13:20:37 [notice] 1#1: worker process 35 exited with code 0
2021/09/29 13:20:37 [notice] 1#1: worker process 37 exited with code 0
2021/09/29 13:20:37 [notice] 1#1: signal 29 (SIGIO) received
2021/09/29 13:20:37 [notice] 1#1: signal 17 (SIGCHLD) received from 34
2021/09/29 13:20:37 [notice] 1#1: signal 17 (SIGCHLD) received from 33
2021/09/29 13:20:37 [notice] 1#1: worker process 33 exited with code 0
2021/09/29 13:20:37 [notice] 1#1: signal 29 (SIGIO) received
2021/09/29 13:20:37 [notice] 1#1: signal 17 (SIGCHLD) received from 36
2021/09/29 13:20:37 [notice] 1#1: worker process 36 exited with code 0
2021/09/29 13:20:37 [notice] 1#1: signal 29 (SIGIO) received
2021/09/29 13:20:37 [notice] 1#1: signal 17 (SIGCHLD) received from 38
2021/09/29 13:20:37 [notice] 1#1: worker process 38 exited with code 0
2021/09/29 13:20:37 [notice] 1#1: signal 29 (SIGIO) received
2021/09/29 13:20:37 [notice] 1#1: signal 17 (SIGCHLD) received from 32
2021/09/29 13:20:37 [notice] 1#1: worker process 32 exited with code 0
2021/09/29 13:20:37 [notice] 1#1: exit
2021/09/29 13:21:02 [notice] 1#1: using the "epoll" event method
2021/09/29 13:21:02 [notice] 1#1: nginx/1.21.3
2021/09/29 13:21:02 [notice] 1#1: built by gcc 8.3.0 (Debian 8.3.0-6) 
2021/09/29 13:21:02 [notice] 1#1: OS: Linux 5.11.0-36-generic
2021/09/29 13:21:02 [notice] 1#1: getrlimit(RLIMIT_NOFILE): 1048576:1048576
2021/09/29 13:21:02 [notice] 1#1: start worker processes
2021/09/29 13:21:02 [notice] 1#1: start worker process 30
2021/09/29 13:21:02 [notice] 1#1: start worker process 31
2021/09/29 13:21:02 [notice] 1#1: start worker process 32
2021/09/29 13:21:02 [notice] 1#1: start worker process 33
2021/09/29 13:21:02 [notice] 1#1: start worker process 34
2021/09/29 13:21:02 [notice] 1#1: start worker process 35
2021/09/29 13:21:02 [notice] 1#1: start worker process 36
2021/09/29 13:21:02 [notice] 1#1: start worker process 37
2021/09/29 15:00:02 [notice] 1#1: using the "epoll" event method
2021/09/29 15:00:02 [notice] 1#1: nginx/1.21.3
2021/09/29 15:00:02 [notice] 1#1: built by gcc 8.3.0 (Debian 8.3.0-6) 
2021/09/29 15:00:02 [notice] 1#1: OS: Linux 5.11.0-36-generic
2021/09/29 15:00:02 [notice] 1#1: getrlimit(RLIMIT_NOFILE): 1048576:1048576
2021/09/29 15:00:02 [notice] 1#1: start worker processes
2021/09/29 15:00:02 [notice] 1#1: start worker process 31
2021/09/29 15:00:02 [notice] 1#1: start worker process 32
2021/09/29 15:00:02 [notice] 1#1: start worker process 33
2021/09/29 15:00:02 [notice] 1#1: start worker process 34
2021/09/29 15:00:02 [notice] 1#1: start worker process 35
2021/09/29 15:00:02 [notice] 1#1: start worker process 36
2021/09/29 15:00:02 [notice] 1#1: start worker process 37
2021/09/29 15:00:02 [notice] 1#1: start worker process 38
2021/09/29 15:04:52 [notice] 1#1: signal 3 (SIGQUIT) received, shutting down
2021/09/29 15:04:52 [notice] 31#31: gracefully shutting down
2021/09/29 15:04:52 [notice] 31#31: exiting
2021/09/29 15:04:52 [notice] 31#31: exit
2021/09/29 15:04:52 [notice] 33#33: gracefully shutting down
2021/09/29 15:04:52 [notice] 36#36: gracefully shutting down
2021/09/29 15:04:52 [notice] 34#34: gracefully shutting down
2021/09/29 15:04:52 [notice] 37#37: gracefully shutting down
2021/09/29 15:04:52 [notice] 33#33: exiting
2021/09/29 15:04:52 [notice] 36#36: exiting
2021/09/29 15:04:52 [notice] 35#35: gracefully shutting down
2021/09/29 15:04:52 [notice] 34#34: exiting
2021/09/29 15:04:52 [notice] 37#37: exiting
2021/09/29 15:04:52 [notice] 35#35: exiting
2021/09/29 15:04:52 [notice] 36#36: exit
2021/09/29 15:04:52 [notice] 33#33: exit
2021/09/29 15:04:52 [notice] 34#34: exit
2021/09/29 15:04:52 [notice] 37#37: exit
2021/09/29 15:04:52 [notice] 35#35: exit
2021/09/29 15:04:52 [notice] 38#38: gracefully shutting down
2021/09/29 15:04:52 [notice] 32#32: gracefully shutting down
2021/09/29 15:04:52 [notice] 38#38: exiting
2021/09/29 15:04:52 [notice] 38#38: exit
2021/09/29 15:04:52 [notice] 1#1: signal 17 (SIGCHLD) received from 33
2021/09/29 15:04:52 [notice] 1#1: worker process 33 exited with code 0
2021/09/29 15:04:52 [notice] 1#1: worker process 36 exited with code 0
2021/09/29 15:04:52 [notice] 1#1: signal 29 (SIGIO) received
2021/09/29 15:04:52 [notice] 1#1: signal 17 (SIGCHLD) received from 37
2021/09/29 15:04:52 [notice] 1#1: worker process 34 exited with code 0
2021/09/29 15:04:52 [notice] 1#1: worker process 37 exited with code 0
2021/09/29 15:04:52 [notice] 1#1: signal 29 (SIGIO) received
2021/09/29 15:04:52 [notice] 1#1: signal 17 (SIGCHLD) received from 38
2021/09/29 15:04:52 [notice] 1#1: worker process 38 exited with code 0
2021/09/29 15:04:52 [notice] 1#1: signal 29 (SIGIO) received
2021/09/29 15:04:52 [notice] 1#1: signal 17 (SIGCHLD) received from 35
2021/09/29 15:04:52 [notice] 1#1: worker process 35 exited with code 0
2021/09/29 15:04:52 [notice] 1#1: signal 29 (SIGIO) received
2021/09/29 15:04:52 [notice] 1#1: signal 17 (SIGCHLD) received from 31
2021/09/29 15:04:52 [notice] 1#1: worker process 31 exited with code 0
2021/09/29 15:04:52 [notice] 1#1: signal 29 (SIGIO) received
2021/09/29 15:04:53 [notice] 32#32: exiting
2021/09/29 15:04:53 [notice] 32#32: exit
2021/09/29 15:04:53 [notice] 1#1: signal 17 (SIGCHLD) received from 32
2021/09/29 15:04:53 [notice] 1#1: worker process 32 exited with code 0
2021/09/29 15:04:53 [notice] 1#1: exit
2021/09/29 15:11:45 [notice] 1#1: using the "epoll" event method
2021/09/29 15:11:45 [notice] 1#1: nginx/1.21.3
2021/09/29 15:11:45 [notice] 1#1: built by gcc 8.3.0 (Debian 8.3.0-6) 
2021/09/29 15:11:45 [notice] 1#1: OS: Linux 5.11.0-36-generic
2021/09/29 15:11:45 [notice] 1#1: getrlimit(RLIMIT_NOFILE): 1048576:1048576
2021/09/29 15:11:45 [notice] 1#1: start worker processes
2021/09/29 15:11:45 [notice] 1#1: start worker process 31
2021/09/29 15:11:45 [notice] 1#1: start worker process 32
2021/09/29 15:11:45 [notice] 1#1: start worker process 33
2021/09/29 15:11:45 [notice] 1#1: start worker process 34
2021/09/29 15:11:45 [notice] 1#1: start worker process 35
2021/09/29 15:11:45 [notice] 1#1: start worker process 36
2021/09/29 15:11:45 [notice] 1#1: start worker process 37
2021/09/29 15:11:45 [notice] 1#1: start worker process 38
2021/09/29 15:13:00 [notice] 1#1: signal 3 (SIGQUIT) received, shutting down
2021/09/29 15:13:00 [notice] 31#31: gracefully shutting down
2021/09/29 15:13:00 [notice] 33#33: gracefully shutting down
2021/09/29 15:13:00 [notice] 37#37: gracefully shutting down
2021/09/29 15:13:00 [notice] 34#34: gracefully shutting down
2021/09/29 15:13:00 [notice] 36#36: gracefully shutting down
2021/09/29 15:13:00 [notice] 37#37: exiting
2021/09/29 15:13:00 [notice] 34#34: exiting
2021/09/29 15:13:00 [notice] 36#36: exiting
2021/09/29 15:13:00 [notice] 34#34: exit
2021/09/29 15:13:00 [notice] 37#37: exit
2021/09/29 15:13:00 [notice] 36#36: exit
2021/09/29 15:13:00 [notice] 32#32: gracefully shutting down
2021/09/29 15:13:00 [notice] 32#32: exiting
2021/09/29 15:13:00 [notice] 38#38: gracefully shutting down
2021/09/29 15:13:00 [notice] 32#32: exit
2021/09/29 15:13:00 [notice] 38#38: exiting
2021/09/29 15:13:00 [notice] 38#38: exit
2021/09/29 15:13:00 [notice] 35#35: gracefully shutting down
2021/09/29 15:13:00 [notice] 35#35: exiting
2021/09/29 15:13:00 [notice] 35#35: exit
2021/09/29 15:13:01 [notice] 1#1: signal 17 (SIGCHLD) received from 32
2021/09/29 15:13:01 [notice] 1#1: worker process 32 exited with code 0
2021/09/29 15:13:01 [notice] 1#1: worker process 37 exited with code 0
2021/09/29 15:13:01 [notice] 1#1: signal 29 (SIGIO) received
2021/09/29 15:13:01 [notice] 1#1: signal 17 (SIGCHLD) received from 37
2021/09/29 15:13:01 [notice] 1#1: signal 17 (SIGCHLD) received from 36
2021/09/29 15:13:01 [notice] 1#1: worker process 34 exited with code 0
2021/09/29 15:13:01 [notice] 1#1: worker process 35 exited with code 0
2021/09/29 15:13:01 [notice] 1#1: worker process 36 exited with code 0
2021/09/29 15:13:01 [notice] 1#1: signal 29 (SIGIO) received
2021/09/29 15:13:01 [notice] 1#1: signal 17 (SIGCHLD) received from 34
2021/09/29 15:13:01 [notice] 1#1: signal 17 (SIGCHLD) received from 38
2021/09/29 15:13:01 [notice] 1#1: worker process 38 exited with code 0
2021/09/29 15:13:01 [notice] 1#1: signal 29 (SIGIO) received
2021/09/29 15:13:01 [notice] 33#33: exiting
2021/09/29 15:13:01 [notice] 33#33: exit
2021/09/29 15:13:01 [notice] 31#31: exiting
2021/09/29 15:13:01 [notice] 31#31: exit
2021/09/29 15:13:01 [notice] 1#1: signal 17 (SIGCHLD) received from 33
2021/09/29 15:13:01 [notice] 1#1: worker process 33 exited with code 0
2021/09/29 15:13:01 [notice] 1#1: signal 29 (SIGIO) received
2021/09/29 15:13:01 [notice] 1#1: signal 17 (SIGCHLD) received from 31
2021/09/29 15:13:01 [notice] 1#1: worker process 31 exited with code 0
2021/09/29 15:13:01 [notice] 1#1: exit
